<?xml version="1.0" encoding="UTF-8"?>
<coverage generated="1531175000426" clover="3.2.0">
  <project timestamp="1531175000427" name="All files">
    <metrics statements="1" coveredstatements="1" conditionals="0" coveredconditionals="0" methods="0" coveredmethods="0" elements="1" coveredelements="1" complexity="0" loc="1" ncloc="1" packages="1" files="1" classes="1">
      <file name="HelloWorld.vue" path="/Users/josiahcampbell/retina/retina-app/src/components/HelloWorld.vue">
        <metrics statements="1" coveredstatements="1" conditionals="0" coveredconditionals="0" methods="0" coveredmethods="0"/>
        <line num="90" count="1" type="stmt"/>
      </file>
    </metrics>
  </project>
</coverage>
